<?xml version="1.0" encoding="UTF-8"?>
<coverage generated="1734646943850" clover="3.2.0">
  <project timestamp="1734646943850" name="All files">
    <metrics statements="5" coveredstatements="3" conditionals="4" coveredconditionals="2" methods="4" coveredmethods="2" elements="13" coveredelements="7" complexity="0" loc="5" ncloc="5" packages="2" files="2" classes="2"/>
    <package name="Button.ui">
      <metrics statements="2" coveredstatements="2" conditionals="0" coveredconditionals="0" methods="1" coveredmethods="1"/>
      <file name="Button.tsx" path="C:\Users\user\WebstormProjects\ulbi\src\shared\Button\ui\Button.tsx">
        <metrics statements="2" coveredstatements="2" conditionals="0" coveredconditionals="0" methods="1" coveredmethods="1"/>
        <line num="15" count="1" type="stmt"/>
        <line num="16" count="1" type="stmt"/>
      </file>
    </package>
    <package name="lib.classNames">
      <metrics statements="3" coveredstatements="1" conditionals="4" coveredconditionals="2" methods="3" coveredmethods="1"/>
      <file name="classNames.tsx" path="C:\Users\user\WebstormProjects\ulbi\src\shared\lib\classNames\classNames.tsx">
        <metrics statements="3" coveredstatements="1" conditionals="4" coveredconditionals="2" methods="3" coveredmethods="1"/>
        <line num="5" count="1" type="stmt"/>
        <line num="8" count="0" type="stmt"/>
        <line num="9" count="0" type="stmt"/>
      </file>
    </package>
  </project>
</coverage>
