{"C:\\Users\\user\\WebstormProjects\\ulbi\\src\\shared\\Button\\ui\\Button.tsx": {"path":"C:\\Users\\user\\WebstormProjects\\ulbi\\src\\shared\\Button\\ui\\Button.tsx","statementMap":{"0":{"start":{"line":15,"column":38},"end":{"line":21,"column":1}},"1":{"start":{"line":16,"column":4},"end":{"line":20,"column":6}}},"fnMap":{"0":{"name":"(anonymous_0)","decl":{"start":{"line":15,"column":38},"end":{"line":15,"column":39}},"loc":{"start":{"line":15,"column":89},"end":{"line":21,"column":1}},"line":15}},"branchMap":{},"s":{"0":1,"1":1},"f":{"0":1},"b":{},"_coverageSchema":"1a1c01bbd47fc00a2c39e90264f33305004495a9","hash":"0a8b85e62fb16ed5935699c0a6d73f7f68ac062e"}
,"C:\\Users\\user\\WebstormProjects\\ulbi\\src\\shared\\lib\\classNames\\classNames.tsx": {"path":"C:\\Users\\user\\WebstormProjects\\ulbi\\src\\shared\\lib\\classNames\\classNames.tsx","statementMap":{"0":{"start":{"line":5,"column":4},"end":{"line":11,"column":15}},"1":{"start":{"line":8,"column":36},"end":{"line":8,"column":41}},"2":{"start":{"line":9,"column":28},"end":{"line":9,"column":31}}},"fnMap":{"0":{"name":"classNames","decl":{"start":{"line":4,"column":16},"end":{"line":4,"column":26}},"loc":{"start":{"line":4,"column":81},"end":{"line":12,"column":1}},"line":4},"1":{"name":"(anonymous_1)","decl":{"start":{"line":8,"column":20},"end":{"line":8,"column":21}},"loc":{"start":{"line":8,"column":36},"end":{"line":8,"column":41}},"line":8},"2":{"name":"(anonymous_2)","decl":{"start":{"line":9,"column":17},"end":{"line":9,"column":18}},"loc":{"start":{"line":9,"column":28},"end":{"line":9,"column":31}},"line":9}},"branchMap":{"0":{"loc":{"start":{"line":7,"column":26},"end":{"line":7,"column":36}},"type":"binary-expr","locations":[{"start":{"line":7,"column":26},"end":{"line":7,"column":30}},{"start":{"line":7,"column":34},"end":{"line":7,"column":36}}],"line":7},"1":{"loc":{"start":{"line":10,"column":11},"end":{"line":10,"column":27}},"type":"binary-expr","locations":[{"start":{"line":10,"column":11},"end":{"line":10,"column":21}},{"start":{"line":10,"column":25},"end":{"line":10,"column":27}}],"line":10}},"s":{"0":1,"1":0,"2":0},"f":{"0":1,"1":0,"2":0},"b":{"0":[1,0],"1":[1,0]},"_coverageSchema":"1a1c01bbd47fc00a2c39e90264f33305004495a9","hash":"4d86bb8083e7c07f3adcec33b4c7ffd0171f6058"}
}
